  date.cpp
  passport.cpp
  passport_test.cpp
passport_test.cpp(28): warning C4101: e: неиспользованная локальная переменная
passport_test.cpp(33): warning C4101: e: неиспользованная локальная переменная
passport_test.cpp(38): warning C4101: e: неиспользованная локальная переменная
passport_test.cpp(43): warning C4101: e: неиспользованная локальная переменная
passport_test.cpp(48): warning C4101: e: неиспользованная локальная переменная
passport_test.cpp(58): warning C4101: e: неиспользованная локальная переменная
passport_test.cpp(71): warning C4101: e: неиспользованная локальная переменная
passport_test.cpp(83): warning C4101: e: неиспользованная локальная переменная
passport_test.cpp(110): warning C4101: e: неиспользованная локальная переменная
passport_test.cpp(122): warning C4101: e: неиспользованная локальная переменная
passport_test.cpp(135): warning C4101: e: неиспользованная локальная переменная
passport_test.cpp(148): warning C4101: e: неиспользованная локальная переменная
passport_test.cpp(167): warning C4101: e: неиспользованная локальная переменная
passport_test.cpp(186): warning C4101: e: неиспользованная локальная переменная
passport_test.cpp(199): warning C4101: e: неиспользованная локальная переменная
passport_test.cpp(211): warning C4101: e: неиспользованная локальная переменная
passport_test.cpp(225): warning C4101: e: неиспользованная локальная переменная
passport_test.cpp(311): warning C4101: e: неиспользованная локальная переменная
  Создание кода
  All 1133 functions were compiled because no usable IPDB/IOBJ from previous compilation was found.
  Создание кода завершено
  01_passport.vcxproj -> C:\Users\HARDy\Documents\GitHub\oop-ki15\lab2\b01_passport\Release\01_passport.exe
